SLF4J: Class path contains multiple SLF4J bindings.
SLF4J: Found binding in [jar:file:/home/sergio/Code/BusOnAir-master/neo4j/system/lib/logback-classic-0.9.30.jar!/org/slf4j/impl/StaticLoggerBinder.class]
SLF4J: Found binding in [jar:file:/home/sergio/Code/BusOnAir-master/neo4j/plugins/logback-classic-0.9.30.jar!/org/slf4j/impl/StaticLoggerBinder.class]
SLF4J: See http://www.slf4j.org/codes.html#multiple_bindings for an explanation.
15:56:55.044 [main] DEBUG o.a.c.c.ConfigurationUtils - ConfigurationUtils.locate(): base is /home/sergio/Code/BusOnAir-master/neo4j/conf, name is neo4j-server.properties
15:56:55.049 [main] DEBUG o.a.c.c.ConfigurationUtils - Loading configuration from the path /home/sergio/Code/BusOnAir-master/neo4j/conf/neo4j-server.properties
2/26/14 3:56:55 PM org.neo4j.server.NeoServerWithEmbeddedWebServer INFO: Starting Neo Server on port [7474] with [20] threads available
2/26/14 3:56:55 PM org.neo4j.server.NeoServerWithEmbeddedWebServer INFO: Enabling HTTPS on port [7473]
15:56:55.404 [main] INFO  org.mortbay.log - Logging to Logger[org.mortbay.log] via org.mortbay.log.Slf4jLog
15:56:55.405 [main] DEBUG org.mortbay.log - Container Server@6a02938d + SelectChannelConnector@localhost:7474 as connector
15:56:55.413 [main] DEBUG org.mortbay.log - Container Server@6a02938d + SslSocketConnector@localhost:7473 as connector
15:56:55.415 [main] DEBUG org.mortbay.log - Container Server@6a02938d + org.mortbay.thread.QueuedThreadPool@19d0f32d as threadpool
2/26/14 3:56:55 PM org.neo4j.server.database.Database INFO: Using database at /home/sergio/Code/BusOnAir-master/neo4j/data/graph.db
15:56:55.531 [main] DEBUG neo4j.config - WARNING! Deprecated configuration options used. See manual for details
15:56:55.531 [main] DEBUG neo4j.config - enable_online_backup has been replaced with online_backup_enabled and online_backup_port
15:56:55.925 [main] DEBUG neo4j.xafactory - Opened [/home/sergio/Code/BusOnAir-master/neo4j/data/graph.db/nioneo_logical.log.1] clean empty log, version=36, lastTxId=425929
Logger not configured, logging to std out instead: [FINE] Adding JAXRS packages [org.neo4j.server.rest.discovery] at [/]
2/26/14 3:56:59 PM org.neo4j.server.modules.DiscoveryModule INFO: Mounted discovery module at [/]
Logger not configured, logging to std out instead: [FINE] Adding JAXRS packages [org.neo4j.server.rest.web] at [/db/data]
2/26/14 3:56:59 PM org.neo4j.server.plugins.PluginManager INFO: Loaded server plugin "CypherPlugin"
2/26/14 3:56:59 PM org.neo4j.server.plugins.PluginManager INFO: Loaded server plugin "SpatialPlugin"
2/26/14 3:56:59 PM org.neo4j.server.plugins.PluginManager INFO: Loaded server plugin "GremlinPlugin"
2/26/14 3:56:59 PM org.neo4j.server.modules.RESTApiModule INFO: Mounted REST API at [/db/data/]
Logger not configured, logging to std out instead: [FINE] Adding JAXRS packages [org.neo4j.server.webadmin.rest] at [/db/manage]
2/26/14 3:56:59 PM org.neo4j.server.modules.ManagementApiModule INFO: Mounted management API at [/db/manage/]
Logger not configured, logging to std out instead: [FINE] Adding JAXRS packages [boa.server] at [/plugin]
2/26/14 3:56:59 PM org.neo4j.server.modules.ThirdPartyJAXRSModule INFO: Mounted third-party JAX-RS package [boa.server] at [/plugin]
2/26/14 3:56:59 PM org.neo4j.server.modules.WebAdminModule INFO: Mounted webadmin at [/webadmin]
2/26/14 3:56:59 PM org.neo4j.server.web.Jetty6WebServer INFO: Mounting static content at [/webadmin] from [webadmin-html]
Logger not configured, logging to std out instead: [FINE] Found [jar:file:/home/sergio/Code/BusOnAir-master/neo4j/system/lib/neo4j-server-1.8.M03-static-web.jar!/webadmin-html]
Logger not configured, logging to std out instead: [FINE] Mounting static content from [jar:file:/home/sergio/Code/BusOnAir-master/neo4j/system/lib/neo4j-server-1.8.M03-static-web.jar!/webadmin-html] at [/webadmin]
Logger not configured, logging to std out instead: [FINE] Mounting servlet at [/plugin]
Logger not configured, logging to std out instead: [FINE] Mounting servlet at [/db/manage]
Logger not configured, logging to std out instead: [FINE] Mounting servlet at [/db/data]
Logger not configured, logging to std out instead: [FINE] Mounting servlet at [/]
15:56:59.295 [main] INFO  org.mortbay.log - jetty-6.1.25
15:56:59.382 [main] INFO  org.mortbay.log - NO JSP Support for /webadmin, did not find org.apache.jasper.servlet.JspServlet
15:57:01.445 [main] INFO  org.mortbay.log - Started SelectChannelConnector@localhost:7474
15:57:01.977 [main] INFO  org.mortbay.log - Started SslSocketConnector@localhost:7473
2/26/14 3:57:01 PM org.neo4j.server.statistic.StatisticStartupListener INFO: adding statistic-filter to /webadmin
2/26/14 3:57:01 PM org.neo4j.server.statistic.StatisticStartupListener INFO: adding statistic-filter to /plugin
2/26/14 3:57:01 PM org.neo4j.server.statistic.StatisticStartupListener INFO: adding statistic-filter to /db/manage
2/26/14 3:57:01 PM org.neo4j.server.statistic.StatisticStartupListener INFO: adding statistic-filter to /db/data
2/26/14 3:57:01 PM org.neo4j.server.statistic.StatisticStartupListener INFO: adding statistic-filter to /
2/26/14 3:57:01 PM org.neo4j.server.NeoServerWithEmbeddedWebServer INFO: Server started on [http://localhost:7474/]
Logger not configured, logging to std out instead: [FINEST] org.neo4j.server.webadmin.rest.ShellSession@460ca00a
Logger not configured, logging to std out instead: [FINEST] org.neo4j.server.webadmin.console.GremlinSession@7ca03522
2/26/14 5:51:49 PM org.neo4j.server.NeoServerBootstrapper INFO: Neo4j Server shutdown initiated by kill signal
2/26/14 5:51:49 PM org.neo4j.server.statistic.StatisticStartupListener INFO: stopping filter
17:51:49.587 [Thread-7] INFO  org.mortbay.log - Stopped SslSocketConnector@localhost:7473
17:51:49.593 [Thread-7] INFO  org.mortbay.log - Stopped SelectChannelConnector@localhost:7474
SLF4J: Class path contains multiple SLF4J bindings.
SLF4J: Found binding in [jar:file:/home/sergio/Code/BusOnAir-master/neo4j/system/lib/logback-classic-0.9.30.jar!/org/slf4j/impl/StaticLoggerBinder.class]
SLF4J: Found binding in [jar:file:/home/sergio/Code/BusOnAir-master/neo4j/plugins/logback-classic-0.9.30.jar!/org/slf4j/impl/StaticLoggerBinder.class]
SLF4J: See http://www.slf4j.org/codes.html#multiple_bindings for an explanation.
18:43:14.737 [main] DEBUG o.a.c.c.ConfigurationUtils - ConfigurationUtils.locate(): base is /home/sergio/Code/BusOnAir-master/neo4j/conf, name is neo4j-server.properties
18:43:14.742 [main] DEBUG o.a.c.c.ConfigurationUtils - Loading configuration from the path /home/sergio/Code/BusOnAir-master/neo4j/conf/neo4j-server.properties
2/27/14 6:43:14 PM org.neo4j.server.NeoServerWithEmbeddedWebServer INFO: Starting Neo Server on port [7474] with [20] threads available
2/27/14 6:43:14 PM org.neo4j.server.NeoServerWithEmbeddedWebServer INFO: Enabling HTTPS on port [7473]
18:43:16.031 [main] INFO  org.mortbay.log - Logging to Logger[org.mortbay.log] via org.mortbay.log.Slf4jLog
18:43:16.032 [main] DEBUG org.mortbay.log - Container Server@17aa994e + SelectChannelConnector@localhost:7474 as connector
18:43:16.066 [main] DEBUG org.mortbay.log - Container Server@17aa994e + SslSocketConnector@localhost:7473 as connector
18:43:16.068 [main] DEBUG org.mortbay.log - Container Server@17aa994e + org.mortbay.thread.QueuedThreadPool@3fd072fc as threadpool
2/27/14 6:43:16 PM org.neo4j.server.database.Database INFO: Using database at /home/sergio/Code/BusOnAir-master/neo4j/data/graph.db
18:43:16.380 [main] DEBUG neo4j.config - WARNING! Deprecated configuration options used. See manual for details
18:43:16.380 [main] DEBUG neo4j.config - enable_online_backup has been replaced with online_backup_enabled and online_backup_port
18:43:16.930 [main] DEBUG neo4j.xafactory - Opened [/home/sergio/Code/BusOnAir-master/neo4j/data/graph.db/nioneo_logical.log.1] clean empty log, version=37, lastTxId=425930
Logger not configured, logging to std out instead: [FINE] Adding JAXRS packages [org.neo4j.server.rest.discovery] at [/]
2/27/14 6:43:26 PM org.neo4j.server.modules.DiscoveryModule INFO: Mounted discovery module at [/]
Logger not configured, logging to std out instead: [FINE] Adding JAXRS packages [org.neo4j.server.rest.web] at [/db/data]
2/27/14 6:43:26 PM org.neo4j.server.plugins.PluginManager INFO: Loaded server plugin "CypherPlugin"
2/27/14 6:43:26 PM org.neo4j.server.plugins.PluginManager INFO: Loaded server plugin "SpatialPlugin"
2/27/14 6:43:26 PM org.neo4j.server.plugins.PluginManager INFO: Loaded server plugin "GremlinPlugin"
2/27/14 6:43:26 PM org.neo4j.server.modules.RESTApiModule INFO: Mounted REST API at [/db/data/]
Logger not configured, logging to std out instead: [FINE] Adding JAXRS packages [org.neo4j.server.webadmin.rest] at [/db/manage]
2/27/14 6:43:26 PM org.neo4j.server.modules.ManagementApiModule INFO: Mounted management API at [/db/manage/]
Logger not configured, logging to std out instead: [FINE] Adding JAXRS packages [boa.server] at [/plugin]
2/27/14 6:43:26 PM org.neo4j.server.modules.ThirdPartyJAXRSModule INFO: Mounted third-party JAX-RS package [boa.server] at [/plugin]
2/27/14 6:43:26 PM org.neo4j.server.modules.WebAdminModule INFO: Mounted webadmin at [/webadmin]
2/27/14 6:43:26 PM org.neo4j.server.web.Jetty6WebServer INFO: Mounting static content at [/webadmin] from [webadmin-html]
Logger not configured, logging to std out instead: [FINE] Found [jar:file:/home/sergio/Code/BusOnAir-master/neo4j/system/lib/neo4j-server-1.8.M03-static-web.jar!/webadmin-html]
Logger not configured, logging to std out instead: [FINE] Mounting static content from [jar:file:/home/sergio/Code/BusOnAir-master/neo4j/system/lib/neo4j-server-1.8.M03-static-web.jar!/webadmin-html] at [/webadmin]
Logger not configured, logging to std out instead: [FINE] Mounting servlet at [/plugin]
Logger not configured, logging to std out instead: [FINE] Mounting servlet at [/db/manage]
Logger not configured, logging to std out instead: [FINE] Mounting servlet at [/db/data]
Logger not configured, logging to std out instead: [FINE] Mounting servlet at [/]
18:43:26.943 [main] INFO  org.mortbay.log - jetty-6.1.25
18:43:27.033 [main] INFO  org.mortbay.log - NO JSP Support for /webadmin, did not find org.apache.jasper.servlet.JspServlet
18:43:29.710 [main] INFO  org.mortbay.log - Started SelectChannelConnector@localhost:7474
18:43:30.404 [main] INFO  org.mortbay.log - Started SslSocketConnector@localhost:7473
2/27/14 6:43:30 PM org.neo4j.server.statistic.StatisticStartupListener INFO: adding statistic-filter to /webadmin
2/27/14 6:43:30 PM org.neo4j.server.statistic.StatisticStartupListener INFO: adding statistic-filter to /plugin
2/27/14 6:43:30 PM org.neo4j.server.statistic.StatisticStartupListener INFO: adding statistic-filter to /db/manage
2/27/14 6:43:30 PM org.neo4j.server.statistic.StatisticStartupListener INFO: adding statistic-filter to /db/data
2/27/14 6:43:30 PM org.neo4j.server.statistic.StatisticStartupListener INFO: adding statistic-filter to /
2/27/14 6:43:30 PM org.neo4j.server.NeoServerWithEmbeddedWebServer INFO: Server started on [http://localhost:7474/]
Logger not configured, logging to std out instead: [FINEST] org.neo4j.server.webadmin.rest.ShellSession@2e6d8149
Logger not configured, logging to std out instead: [FINEST] org.neo4j.server.webadmin.console.GremlinSession@8a17663
Logger not configured, logging to std out instead: [FINEST] org.neo4j.server.webadmin.console.GremlinSession@8a17663
Logger not configured, logging to std out instead: [FINEST] org.neo4j.server.webadmin.rest.ShellSession@2e6d8149
Logger not configured, logging to std out instead: [FINEST] org.neo4j.server.webadmin.rest.ShellSession@2e6d8149
Logger not configured, logging to std out instead: [FINEST] org.neo4j.server.webadmin.console.GremlinSession@8a17663
2/27/14 8:16:31 PM org.neo4j.server.NeoServerBootstrapper INFO: Neo4j Server shutdown initiated by kill signal
2/27/14 8:16:31 PM org.neo4j.server.statistic.StatisticStartupListener INFO: stopping filter
20:16:31.962 [Thread-7] INFO  org.mortbay.log - Stopped SslSocketConnector@localhost:7473
20:16:31.963 [Thread-7] INFO  org.mortbay.log - Stopped SelectChannelConnector@localhost:7474
